<?xml version="1.0" encoding="UTF-8"?>
<!-- Generated by org.testng.reporters.JUnitReportReporter -->
<testsuite hostname="DESKTOP-NJDJR9N" failures="0" tests="1" name="Maven_Pacakage.Selenium_Maven.TestCase5" time="48.559" errors="0" timestamp="2024-07-05T18:54:15 IST" skipped="0">
  <testcase classname="Maven_Pacakage.Selenium_Maven.TestCase5" name="login_to_search" time="48.559"/>
  <system-out/>
</testsuite> <!-- Maven_Pacakage.Selenium_Maven.TestCase5 -->
