<?xml version="1.0" encoding="UTF-8"?>
<!-- Generated by org.testng.reporters.JUnitReportReporter -->
<testsuite hostname="DESKTOP-NJDJR9N" failures="0" tests="1" name="Maven_Pacakage.Selenium_Maven.TestCase4" time="38.814" errors="0" timestamp="2024-07-05T18:27:29 IST" skipped="0">
  <testcase classname="Maven_Pacakage.Selenium_Maven.TestCase4" name="login_to_search" time="38.814"/>
  <system-out/>
</testsuite> <!-- Maven_Pacakage.Selenium_Maven.TestCase4 -->
